2025-03-13T17:32:41.442+0530 [INFO] [org.gradle.internal.nativeintegration.services.NativeServices] Initialized native services in: /Users/sandyy/.gradle/native
2025-03-13T17:32:41.459+0530 [INFO] [org.gradle.internal.nativeintegration.services.NativeServices] Initialized jansi services in: /Users/sandyy/.gradle/native
2025-03-13T17:32:41.464+0530 [LIFECYCLE] [org.gradle.launcher.cli.DebugLoggerWarningAction] 
#############################################################################
   WARNING WARNING WARNING WARNING WARNING WARNING WARNING WARNING WARNING

   Debug level logging will leak security sensitive information!

   For more details, please refer to https://docs.gradle.org/8.10.2/userguide/logging.html#sec:debug_security in the Gradle documentation.
#############################################################################

2025-03-13T17:32:41.493+0530 [INFO] [org.gradle.internal.jvm.inspection.DefaultJvmMetadataDetector] Received JVM installation metadata from '/Library/Java/JavaVirtualMachines/temurin-17.jdk/Contents/Home': {JAVA_HOME=/Library/Java/JavaVirtualMachines/temurin-17.jdk/Contents/Home, JAVA_VERSION=17.0.13, JAVA_VENDOR=Eclipse Adoptium, RUNTIME_NAME=OpenJDK Runtime Environment, RUNTIME_VERSION=17.0.13+11, VM_NAME=OpenJDK 64-Bit Server VM, VM_VERSION=17.0.13+11, VM_VENDOR=Eclipse Adoptium, OS_ARCH=aarch64}
2025-03-13T17:32:41.540+0530 [DEBUG] [org.gradle.launcher.daemon.client.DaemonClient] Executing build fb599622-621b-46db-bc6d-3a411883d0ed in daemon client {pid=34172}
2025-03-13T17:32:41.544+0530 [DEBUG] [org.gradle.internal.remote.internal.inet.InetAddresses] Adding IP addresses for network interface utun5
2025-03-13T17:32:41.544+0530 [DEBUG] [org.gradle.internal.remote.internal.inet.InetAddresses] Is this a loopback interface? false
2025-03-13T17:32:41.544+0530 [DEBUG] [org.gradle.internal.remote.internal.inet.InetAddresses] Adding remote address /fe80:0:0:0:84a4:16b7:dce3:ff3c%utun5
2025-03-13T17:32:41.544+0530 [DEBUG] [org.gradle.internal.remote.internal.inet.InetAddresses] Adding IP addresses for network interface utun4
2025-03-13T17:32:41.544+0530 [DEBUG] [org.gradle.internal.remote.internal.inet.InetAddresses] Is this a loopback interface? false
2025-03-13T17:32:41.544+0530 [DEBUG] [org.gradle.internal.remote.internal.inet.InetAddresses] Adding remote address /fe80:0:0:0:1e3d:a3de:598f:fe68%utun4
2025-03-13T17:32:41.544+0530 [DEBUG] [org.gradle.internal.remote.internal.inet.InetAddresses] Adding IP addresses for network interface utun3
2025-03-13T17:32:41.544+0530 [DEBUG] [org.gradle.internal.remote.internal.inet.InetAddresses] Is this a loopback interface? false
2025-03-13T17:32:41.544+0530 [DEBUG] [org.gradle.internal.remote.internal.inet.InetAddresses] Adding remote address /fe80:0:0:0:ce81:b1c:bd2c:69e%utun3
2025-03-13T17:32:41.544+0530 [DEBUG] [org.gradle.internal.remote.internal.inet.InetAddresses] Adding IP addresses for network interface utun2
2025-03-13T17:32:41.544+0530 [DEBUG] [org.gradle.internal.remote.internal.inet.InetAddresses] Is this a loopback interface? false
2025-03-13T17:32:41.544+0530 [DEBUG] [org.gradle.internal.remote.internal.inet.InetAddresses] Adding remote address /fe80:0:0:0:915e:a601:bf03:5fd9%utun2
2025-03-13T17:32:41.544+0530 [DEBUG] [org.gradle.internal.remote.internal.inet.InetAddresses] Adding IP addresses for network interface utun1
2025-03-13T17:32:41.544+0530 [DEBUG] [org.gradle.internal.remote.internal.inet.InetAddresses] Is this a loopback interface? false
2025-03-13T17:32:41.544+0530 [DEBUG] [org.gradle.internal.remote.internal.inet.InetAddresses] Adding remote address /fe80:0:0:0:b763:302c:d3bc:ce42%utun1
2025-03-13T17:32:41.544+0530 [DEBUG] [org.gradle.internal.remote.internal.inet.InetAddresses] Adding IP addresses for network interface utun0
2025-03-13T17:32:41.544+0530 [DEBUG] [org.gradle.internal.remote.internal.inet.InetAddresses] Is this a loopback interface? false
2025-03-13T17:32:41.544+0530 [DEBUG] [org.gradle.internal.remote.internal.inet.InetAddresses] Adding remote address /fe80:0:0:0:3e62:f3d6:4882:63ec%utun0
2025-03-13T17:32:41.544+0530 [DEBUG] [org.gradle.internal.remote.internal.inet.InetAddresses] Adding IP addresses for network interface llw0
2025-03-13T17:32:41.544+0530 [DEBUG] [org.gradle.internal.remote.internal.inet.InetAddresses] Is this a loopback interface? false
2025-03-13T17:32:41.544+0530 [DEBUG] [org.gradle.internal.remote.internal.inet.InetAddresses] Adding remote address /fe80:0:0:0:dc1d:98ff:fed3:dd5%llw0
2025-03-13T17:32:41.544+0530 [DEBUG] [org.gradle.internal.remote.internal.inet.InetAddresses] Adding IP addresses for network interface awdl0
2025-03-13T17:32:41.544+0530 [DEBUG] [org.gradle.internal.remote.internal.inet.InetAddresses] Is this a loopback interface? false
2025-03-13T17:32:41.544+0530 [DEBUG] [org.gradle.internal.remote.internal.inet.InetAddresses] Adding remote address /fe80:0:0:0:dc1d:98ff:fed3:dd5%awdl0
2025-03-13T17:32:41.544+0530 [DEBUG] [org.gradle.internal.remote.internal.inet.InetAddresses] Adding IP addresses for network interface en0
2025-03-13T17:32:41.544+0530 [DEBUG] [org.gradle.internal.remote.internal.inet.InetAddresses] Is this a loopback interface? false
2025-03-13T17:32:41.544+0530 [DEBUG] [org.gradle.internal.remote.internal.inet.InetAddresses] Adding remote address /fe80:0:0:0:10e5:6408:eb1:e179%en0
2025-03-13T17:32:41.544+0530 [DEBUG] [org.gradle.internal.remote.internal.inet.InetAddresses] Adding remote address /192.168.1.6
2025-03-13T17:32:41.544+0530 [DEBUG] [org.gradle.internal.remote.internal.inet.InetAddresses] Adding IP addresses for network interface lo0
2025-03-13T17:32:41.544+0530 [DEBUG] [org.gradle.internal.remote.internal.inet.InetAddresses] Is this a loopback interface? true
2025-03-13T17:32:41.544+0530 [DEBUG] [org.gradle.internal.remote.internal.inet.InetAddresses] Ignoring remote address on loopback interface /fe80:0:0:0:0:0:0:1%lo0
2025-03-13T17:32:41.544+0530 [DEBUG] [org.gradle.internal.remote.internal.inet.InetAddresses] Adding loopback address /0:0:0:0:0:0:0:1%lo0
2025-03-13T17:32:41.544+0530 [DEBUG] [org.gradle.internal.remote.internal.inet.InetAddresses] Adding loopback address /127.0.0.1
2025-03-13T17:32:41.554+0530 [DEBUG] [org.gradle.cache.internal.DefaultFileLockManager] Waiting to acquire shared lock on daemon addresses registry.
2025-03-13T17:32:41.554+0530 [DEBUG] [org.gradle.cache.internal.DefaultFileLockManager] Lock acquired on daemon addresses registry.
2025-03-13T17:32:41.556+0530 [DEBUG] [org.gradle.cache.internal.DefaultFileLockManager] Releasing lock on daemon addresses registry.
2025-03-13T17:32:41.556+0530 [DEBUG] [org.gradle.internal.remote.internal.inet.TcpOutgoingConnector] Attempting to connect to [89c4e20c-cf67-4a9f-917e-611e37537657 port:52800, addresses:[/127.0.0.1]].
2025-03-13T17:32:41.556+0530 [DEBUG] [org.gradle.internal.remote.internal.inet.TcpOutgoingConnector] Trying to connect to address /127.0.0.1.
2025-03-13T17:32:41.558+0530 [DEBUG] [org.gradle.internal.remote.internal.inet.TcpOutgoingConnector] Connected to address /127.0.0.1:52800.
2025-03-13T17:32:41.565+0530 [DEBUG] [org.gradle.launcher.daemon.client.DaemonClient] Connected to daemon DaemonInfo{pid=29675, address=[89c4e20c-cf67-4a9f-917e-611e37537657 port:52800, addresses:[/127.0.0.1]], state=Idle, lastBusy=1741867349809, context=DefaultDaemonContext[uid=a2e23bba-767f-4e68-9cc3-fba6bec5e092,javaHome=/Library/Java/JavaVirtualMachines/temurin-17.jdk/Contents/Home,javaVersion=17,javaVendor=Eclipse Adoptium,daemonRegistryDir=/Users/sandyy/.gradle/daemon,pid=29675,idleTimeout=10800000,priority=NORMAL,applyInstrumentationAgent=true,nativeServicesMode=ENABLED,daemonOpts=--add-opens=java.base/java.util=ALL-UNNAMED,--add-opens=java.base/java.lang=ALL-UNNAMED,--add-opens=java.base/java.lang.invoke=ALL-UNNAMED,--add-opens=java.prefs/java.util.prefs=ALL-UNNAMED,--add-exports=jdk.compiler/com.sun.tools.javac.api=ALL-UNNAMED,--add-exports=jdk.compiler/com.sun.tools.javac.util=ALL-UNNAMED,--add-opens=java.base/java.nio.charset=ALL-UNNAMED,--add-opens=java.base/java.net=ALL-UNNAMED,--add-opens=java.base/java.util.concurrent.atomic=ALL-UNNAMED,-Xmx2048m,-Dfile.encoding=UTF-8,-Duser.country=US,-Duser.language=en,-Duser.variant]}. Dispatching request Build{id=fb599622-621b-46db-bc6d-3a411883d0ed, currentDir=/Users/sandyy/Documents/fitglide}.
2025-03-13T17:32:41.565+0530 [DEBUG] [org.gradle.launcher.daemon.client.DaemonClientConnection] thread 1: dispatching class org.gradle.launcher.daemon.protocol.Build
2025-03-13T17:32:41.577+0530 [DEBUG] [org.gradle.launcher.daemon.client.DaemonClient] Received result org.gradle.launcher.daemon.protocol.BuildStarted@56303b57 from daemon DaemonInfo{pid=29675, address=[89c4e20c-cf67-4a9f-917e-611e37537657 port:52800, addresses:[/127.0.0.1]], state=Idle, lastBusy=1741867349809, context=DefaultDaemonContext[uid=a2e23bba-767f-4e68-9cc3-fba6bec5e092,javaHome=/Library/Java/JavaVirtualMachines/temurin-17.jdk/Contents/Home,javaVersion=17,javaVendor=Eclipse Adoptium,daemonRegistryDir=/Users/sandyy/.gradle/daemon,pid=29675,idleTimeout=10800000,priority=NORMAL,applyInstrumentationAgent=true,nativeServicesMode=ENABLED,daemonOpts=--add-opens=java.base/java.util=ALL-UNNAMED,--add-opens=java.base/java.lang=ALL-UNNAMED,--add-opens=java.base/java.lang.invoke=ALL-UNNAMED,--add-opens=java.prefs/java.util.prefs=ALL-UNNAMED,--add-exports=jdk.compiler/com.sun.tools.javac.api=ALL-UNNAMED,--add-exports=jdk.compiler/com.sun.tools.javac.util=ALL-UNNAMED,--add-opens=java.base/java.nio.charset=ALL-UNNAMED,--add-opens=java.base/java.net=ALL-UNNAMED,--add-opens=java.base/java.util.concurrent.atomic=ALL-UNNAMED,-Xmx2048m,-Dfile.encoding=UTF-8,-Duser.country=US,-Duser.language=en,-Duser.variant]} (build should be starting).
2025-03-13T17:32:41.578+0530 [INFO] [org.gradle.launcher.daemon.server.exec.LogToClient] The client will now receive all logging from the daemon (pid: 29675). The daemon log file: /Users/sandyy/.gradle/daemon/8.10.2/daemon-29675.out.log
2025-03-13T17:32:41.582+0530 [INFO] [org.gradle.launcher.daemon.server.exec.LogAndCheckHealth] Starting 18th build in daemon [uptime: 3 hrs 14 mins 29.609 secs, performance: 91%, GC rate: 0.00/s, heap usage: 19% of 2 GiB]
2025-03-13T17:32:41.583+0530 [DEBUG] [org.gradle.launcher.daemon.server.exec.ExecuteBuild] The daemon has started executing the build.
2025-03-13T17:32:41.584+0530 [DEBUG] [org.gradle.launcher.daemon.server.exec.ExecuteBuild] Executing build with daemon context: DefaultDaemonContext[uid=a2e23bba-767f-4e68-9cc3-fba6bec5e092,javaHome=/Library/Java/JavaVirtualMachines/temurin-17.jdk/Contents/Home,javaVersion=17,javaVendor=Eclipse Adoptium,daemonRegistryDir=/Users/sandyy/.gradle/daemon,pid=29675,idleTimeout=10800000,priority=NORMAL,applyInstrumentationAgent=true,nativeServicesMode=ENABLED,daemonOpts=--add-opens=java.base/java.util=ALL-UNNAMED,--add-opens=java.base/java.lang=ALL-UNNAMED,--add-opens=java.base/java.lang.invoke=ALL-UNNAMED,--add-opens=java.prefs/java.util.prefs=ALL-UNNAMED,--add-exports=jdk.compiler/com.sun.tools.javac.api=ALL-UNNAMED,--add-exports=jdk.compiler/com.sun.tools.javac.util=ALL-UNNAMED,--add-opens=java.base/java.nio.charset=ALL-UNNAMED,--add-opens=java.base/java.net=ALL-UNNAMED,--add-opens=java.base/java.util.concurrent.atomic=ALL-UNNAMED,-Xmx2048m,-Dfile.encoding=UTF-8,-Duser.country=US,-Duser.language=en,-Duser.variant]
2025-03-13T17:32:41.591+0530 [INFO] [org.gradle.internal.work.DefaultWorkerLeaseService] Using 8 worker leases.
2025-03-13T17:32:41.592+0530 [DEBUG] [org.gradle.internal.resources.AbstractTrackedResourceLock] Daemon worker Thread 10: acquired lock on worker lease
2025-03-13T17:32:41.593+0530 [DEBUG] [org.gradle.internal.operations.DefaultBuildOperationRunner] Build operation 'Run build' started
2025-03-13T17:32:41.601+0530 [DEBUG] [org.gradle.cache.internal.DefaultCacheCoordinator] Creating new cache for fileHashes, path /Users/sandyy/Documents/fitglide/.gradle/8.10.2/fileHashes/fileHashes.bin, access org.gradle.cache.internal.DefaultCacheCoordinator@5be1ce0e
2025-03-13T17:32:41.602+0530 [DEBUG] [org.gradle.cache.internal.LockOnDemandCrossProcessCacheAccess] Acquiring file lock for file hash cache (/Users/sandyy/Documents/fitglide/.gradle/8.10.2/fileHashes)
2025-03-13T17:32:41.602+0530 [DEBUG] [org.gradle.cache.internal.DefaultFileLockManager] Waiting to acquire exclusive lock on file hash cache (/Users/sandyy/Documents/fitglide/.gradle/8.10.2/fileHashes).
2025-03-13T17:32:41.602+0530 [DEBUG] [org.gradle.cache.internal.DefaultFileLockManager] Lock acquired on file hash cache (/Users/sandyy/Documents/fitglide/.gradle/8.10.2/fileHashes).
2025-03-13T17:32:41.603+0530 [DEBUG] [org.gradle.cache.internal.DefaultCacheCoordinator] Creating new cache for outputFiles, path /Users/sandyy/Documents/fitglide/.gradle/buildOutputCleanup/outputFiles.bin, access org.gradle.cache.internal.DefaultCacheCoordinator@407682ab
2025-03-13T17:32:41.604+0530 [DEBUG] [org.gradle.cache.internal.LockOnDemandCrossProcessCacheAccess] Acquiring file lock for Build Output Cleanup Cache (/Users/sandyy/Documents/fitglide/.gradle/buildOutputCleanup)
2025-03-13T17:32:41.604+0530 [DEBUG] [org.gradle.cache.internal.DefaultFileLockManager] Waiting to acquire exclusive lock on Build Output Cleanup Cache (/Users/sandyy/Documents/fitglide/.gradle/buildOutputCleanup).
2025-03-13T17:32:41.604+0530 [DEBUG] [org.gradle.cache.internal.DefaultFileLockManager] Lock acquired on Build Output Cleanup Cache (/Users/sandyy/Documents/fitglide/.gradle/buildOutputCleanup).
2025-03-13T17:32:41.606+0530 [DEBUG] [org.gradle.cache.internal.DefaultCacheCoordinator] Creating new cache for resourceHashesCache, path /Users/sandyy/Documents/fitglide/.gradle/8.10.2/fileHashes/resourceHashesCache.bin, access org.gradle.cache.internal.DefaultCacheCoordinator@5be1ce0e
2025-03-13T17:32:41.608+0530 [INFO] [org.gradle.internal.watch.registry.impl.WatchableHierarchies] Now considering [/Users/sandyy/Documents/fitglide] as hierarchies to watch
2025-03-13T17:32:41.609+0530 [INFO] [org.gradle.tooling.internal.provider.FileSystemWatchingBuildActionRunner] Watching the file system is configured to be enabled if available
2025-03-13T17:32:41.609+0530 [DEBUG] [org.gradle.tooling.internal.provider.FileSystemWatchingBuildActionRunner] Watching the file system computed to be enabled if available
2025-03-13T17:32:41.609+0530 [DEBUG] [org.gradle.internal.operations.DefaultBuildOperationRunner] Build operation 'Build started for file system watching' started
2025-03-13T17:32:41.609+0530 [DEBUG] [org.gradle.internal.watch.vfs.impl.DefaultWatchableFileSystemDetector] Detected apfs: / from /dev/disk3s3s1 (remote: false)
2025-03-13T17:32:41.609+0530 [DEBUG] [org.gradle.internal.watch.vfs.impl.DefaultWatchableFileSystemDetector] Detected devfs: /dev from devfs (remote: false)
2025-03-13T17:32:41.609+0530 [DEBUG] [org.gradle.internal.watch.vfs.impl.DefaultWatchableFileSystemDetector] Detected apfs: /System/Volumes/VM from /dev/disk3s6 (remote: false)
2025-03-13T17:32:41.609+0530 [DEBUG] [org.gradle.internal.watch.vfs.impl.DefaultWatchableFileSystemDetector] Detected apfs: /System/Volumes/Preboot from /dev/disk3s4 (remote: false)
2025-03-13T17:32:41.609+0530 [DEBUG] [org.gradle.internal.watch.vfs.impl.DefaultWatchableFileSystemDetector] Detected apfs: /System/Volumes/Update from /dev/disk3s2 (remote: false)
2025-03-13T17:32:41.609+0530 [DEBUG] [org.gradle.internal.watch.vfs.impl.DefaultWatchableFileSystemDetector] Detected apfs: /System/Volumes/xarts from /dev/disk1s2 (remote: false)
2025-03-13T17:32:41.609+0530 [DEBUG] [org.gradle.internal.watch.vfs.impl.DefaultWatchableFileSystemDetector] Detected apfs: /System/Volumes/iSCPreboot from /dev/disk1s1 (remote: false)
2025-03-13T17:32:41.610+0530 [DEBUG] [org.gradle.internal.watch.vfs.impl.DefaultWatchableFileSystemDetector] Detected apfs: /System/Volumes/Hardware from /dev/disk1s3 (remote: false)
2025-03-13T17:32:41.610+0530 [DEBUG] [org.gradle.internal.watch.vfs.impl.DefaultWatchableFileSystemDetector] Detected apfs: /System/Volumes/Data from /dev/disk3s1 (remote: false)
2025-03-13T17:32:41.610+0530 [DEBUG] [org.gradle.internal.watch.vfs.impl.DefaultWatchableFileSystemDetector] Detected autofs: /System/Volumes/Data/home from map auto_home (remote: true)
2025-03-13T17:32:41.610+0530 [DEBUG] [org.gradle.internal.watch.vfs.impl.DefaultWatchableFileSystemDetector] Detected apfs: /Volumes/Recovery from /dev/disk3s5 (remote: false)
2025-03-13T17:32:41.610+0530 [DEBUG] [org.gradle.internal.watch.vfs.impl.DefaultWatchableFileSystemDetector] Detected nullfs: /private/var/folders/dq/k95zqgd51qj_rk03gnlj0_6r0000gn/T/AppTranslocation/82567CA7-A6BE-469B-8A9D-F0C86594AC06 from /Users/sandyy/Downloads/Visual Studio Code.app (remote: false)
2025-03-13T17:32:41.610+0530 [DEBUG] [org.gradle.internal.watch.vfs.impl.DefaultWatchableFileSystemDetector] Detected apfs: /System/Volumes/Update/SFR/mnt1 from /dev/disk2s1 (remote: false)
2025-03-13T17:32:41.610+0530 [DEBUG] [org.gradle.internal.watch.vfs.impl.DefaultWatchableFileSystemDetector] Detected apfs: /System/Volumes/Update/mnt1 from /dev/disk3s3 (remote: false)
2025-03-13T17:32:41.628+0530 [DEBUG] [org.gradle.internal.operations.DefaultBuildOperationRunner] Completing Build operation 'Build started for file system watching'
2025-03-13T17:32:41.628+0530 [DEBUG] [org.gradle.internal.operations.DefaultBuildOperationRunner] Build operation 'Build started for file system watching' completed
2025-03-13T17:32:41.628+0530 [INFO] [org.gradle.tooling.internal.provider.FileSystemWatchingBuildActionRunner] File system watching is active
2025-03-13T17:32:41.628+0530 [DEBUG] [org.gradle.internal.operations.DefaultBuildOperationRunner] Build operation 'Load build' started
2025-03-13T17:32:41.629+0530 [DEBUG] [org.gradle.initialization.properties.DefaultProjectPropertiesLoader] Found env project properties: []
2025-03-13T17:32:41.630+0530 [DEBUG] [org.gradle.initialization.properties.DefaultProjectPropertiesLoader] Found system project properties: []
2025-03-13T17:32:41.630+0530 [DEBUG] [org.gradle.internal.operations.DefaultBuildOperationRunner] Build operation 'Evaluate settings' started
2025-03-13T17:32:41.631+0530 [DEBUG] [org.gradle.cache.internal.DefaultCacheCoordinator] Creating new cache for workingDirs, path /Users/sandyy/Documents/fitglide/.gradle/8.10.2/vcsMetadata/workingDirs.bin, access org.gradle.cache.internal.DefaultCacheCoordinator@49251cf8
2025-03-13T17:32:41.654+0530 [DEBUG] [org.gradle.cache.internal.DefaultCacheCoordinator] Creating new cache for md5-checksums, path /Users/sandyy/Documents/fitglide/.gradle/8.10.2/checksums/md5-checksums.bin, access org.gradle.cache.internal.DefaultCacheCoordinator@73df2bc9
2025-03-13T17:32:41.655+0530 [DEBUG] [org.gradle.cache.internal.LockOnDemandCrossProcessCacheAccess] Acquiring file lock for checksums cache (/Users/sandyy/Documents/fitglide/.gradle/8.10.2/checksums)
2025-03-13T17:32:41.655+0530 [DEBUG] [org.gradle.cache.internal.DefaultFileLockManager] Waiting to acquire exclusive lock on checksums cache (/Users/sandyy/Documents/fitglide/.gradle/8.10.2/checksums).
2025-03-13T17:32:41.656+0530 [DEBUG] [org.gradle.cache.internal.DefaultFileLockManager] Lock acquired on checksums cache (/Users/sandyy/Documents/fitglide/.gradle/8.10.2/checksums).
2025-03-13T17:32:41.656+0530 [DEBUG] [org.gradle.cache.internal.DefaultCacheCoordinator] Creating new cache for sha1-checksums, path /Users/sandyy/Documents/fitglide/.gradle/8.10.2/checksums/sha1-checksums.bin, access org.gradle.cache.internal.DefaultCacheCoordinator@73df2bc9
2025-03-13T17:32:41.656+0530 [DEBUG] [org.gradle.cache.internal.DefaultCacheCoordinator] Creating new cache for sha256-checksums, path /Users/sandyy/Documents/fitglide/.gradle/8.10.2/checksums/sha256-checksums.bin, access org.gradle.cache.internal.DefaultCacheCoordinator@73df2bc9
2025-03-13T17:32:41.656+0530 [DEBUG] [org.gradle.cache.internal.DefaultCacheCoordinator] Creating new cache for sha512-checksums, path /Users/sandyy/Documents/fitglide/.gradle/8.10.2/checksums/sha512-checksums.bin, access org.gradle.cache.internal.DefaultCacheCoordinator@73df2bc9
2025-03-13T17:32:41.657+0530 [DEBUG] [org.gradle.api.internal.artifacts.mvnsettings.DefaultLocalMavenRepositoryLocator] No local repository in Settings file defined. Using default path: /Users/sandyy/.m2/repository
2025-03-13T17:32:41.658+0530 [DEBUG] [org.gradle.cache.internal.DefaultCacheCoordinator] Creating new cache for md-rule, path /Users/sandyy/.gradle/caches/8.10.2/md-rule/md-rule.bin, access org.gradle.cache.internal.DefaultCacheCoordinator@6fe26f17
2025-03-13T17:32:41.658+0530 [DEBUG] [org.gradle.cache.internal.LockOnDemandCrossProcessCacheAccess] Acquiring file lock for cache directory md-rule (/Users/sandyy/.gradle/caches/8.10.2/md-rule)
2025-03-13T17:32:41.658+0530 [DEBUG] [org.gradle.cache.internal.DefaultFileLockManager] Waiting to acquire exclusive lock on cache directory md-rule (/Users/sandyy/.gradle/caches/8.10.2/md-rule).
2025-03-13T17:32:41.659+0530 [DEBUG] [org.gradle.cache.internal.DefaultFileLockManager] Lock acquired on cache directory md-rule (/Users/sandyy/.gradle/caches/8.10.2/md-rule).
2025-03-13T17:32:41.659+0530 [DEBUG] [org.gradle.cache.internal.DefaultCacheCoordinator] Creating new cache for md-supplier, path /Users/sandyy/.gradle/caches/8.10.2/md-supplier/md-supplier.bin, access org.gradle.cache.internal.DefaultCacheCoordinator@4a7daf6b
2025-03-13T17:32:41.659+0530 [DEBUG] [org.gradle.cache.internal.LockOnDemandCrossProcessCacheAccess] Acquiring file lock for cache directory md-supplier (/Users/sandyy/.gradle/caches/8.10.2/md-supplier)
2025-03-13T17:32:41.659+0530 [DEBUG] [org.gradle.cache.internal.DefaultFileLockManager] Waiting to acquire exclusive lock on cache directory md-supplier (/Users/sandyy/.gradle/caches/8.10.2/md-supplier).
2025-03-13T17:32:41.660+0530 [DEBUG] [org.gradle.cache.internal.DefaultFileLockManager] Lock acquired on cache directory md-supplier (/Users/sandyy/.gradle/caches/8.10.2/md-supplier).
2025-03-13T17:32:41.660+0530 [DEBUG] [org.gradle.internal.locking.LockFileReaderWriter] Lockfiles root: /Users/sandyy/Documents/fitglide/gradle/dependency-locks
2025-03-13T17:32:41.660+0530 [INFO] [org.gradle.internal.buildevents.BuildLogger] Starting Build
2025-03-13T17:32:41.661+0530 [DEBUG] [org.gradle.internal.buildevents.BuildLogger] Gradle user home: /Users/sandyy/.gradle
2025-03-13T17:32:41.661+0530 [DEBUG] [org.gradle.internal.buildevents.BuildLogger] Current dir: /Users/sandyy/Documents/fitglide
2025-03-13T17:32:41.678+0530 [DEBUG] [org.gradle.internal.buildevents.BuildLogger] Settings file: null
2025-03-13T17:32:41.678+0530 [DEBUG] [org.gradle.internal.buildevents.BuildLogger] Build file: null
2025-03-13T17:32:41.680+0530 [DEBUG] [org.gradle.internal.operations.DefaultBuildOperationRunner] Build operation 'Apply settings file 'settings.gradle.kts' to settings 'fitglide'' started
2025-03-13T17:32:41.680+0530 [DEBUG] [org.gradle.kotlin.dsl.provider.KotlinScriptPlugin] Applying Kotlin script to settings 'fitglide'
2025-03-13T17:32:41.689+0530 [DEBUG] [org.gradle.internal.operations.DefaultBuildOperationRunner] Build operation 'Resolve dependencies of classpath' started
2025-03-13T17:32:41.689+0530 [DEBUG] [org.gradle.internal.operations.DefaultBuildOperationRunner] Completing Build operation 'Resolve dependencies of classpath'
2025-03-13T17:32:41.689+0530 [DEBUG] [org.gradle.internal.operations.DefaultBuildOperationRunner] Build operation 'Resolve dependencies of classpath' completed
2025-03-13T17:32:41.707+0530 [DEBUG] [org.gradle.api.internal.runtimeshaded.RuntimeShadedJarFactory] Using Gradle runtime shaded JAR file: /Users/sandyy/.gradle/caches/8.10.2/generated-gradle-jars/gradle-api-8.10.2.jar
2025-03-13T17:32:41.709+0530 [DEBUG] [org.gradle.internal.operations.DefaultBuildOperationRunner] Build operation 'Identifying work' started
2025-03-13T17:32:41.709+0530 [DEBUG] [org.gradle.internal.operations.DefaultBuildOperationRunner] Completing Build operation 'Identifying work'
2025-03-13T17:32:41.709+0530 [DEBUG] [org.gradle.internal.operations.DefaultBuildOperationRunner] Build operation 'Identifying work' completed
2025-03-13T17:32:41.710+0530 [DEBUG] [org.gradle.internal.operations.DefaultBuildOperationRunner] Completing Build operation 'Apply settings file 'settings.gradle.kts' to settings 'fitglide''
2025-03-13T17:32:41.710+0530 [DEBUG] [org.gradle.internal.operations.DefaultBuildOperationRunner] Build operation 'Apply settings file 'settings.gradle.kts' to settings 'fitglide'' completed
2025-03-13T17:32:41.710+0530 [DEBUG] [org.gradle.internal.operations.DefaultBuildOperationRunner] Completing Build operation 'Evaluate settings'
2025-03-13T17:32:41.710+0530 [DEBUG] [org.gradle.internal.operations.DefaultBuildOperationRunner] Build operation 'Evaluate settings' completed
2025-03-13T17:32:41.710+0530 [DEBUG] [org.gradle.internal.operations.DefaultBuildOperationRunner] Completing Build operation 'Load build'
2025-03-13T17:32:41.710+0530 [DEBUG] [org.gradle.internal.operations.DefaultBuildOperationRunner] Build operation 'Load build' completed
2025-03-13T17:32:41.710+0530 [DEBUG] [org.gradle.internal.operations.DefaultBuildOperationRunner] Build operation 'Finish root build tree' started
2025-03-13T17:32:41.715+0530 [DEBUG] [org.gradle.internal.operations.DefaultBuildOperationRunner] Completing Build operation 'Finish root build tree'
2025-03-13T17:32:41.715+0530 [DEBUG] [org.gradle.internal.operations.DefaultBuildOperationRunner] Build operation 'Finish root build tree' completed
2025-03-13T17:32:41.715+0530 [ERROR] [org.gradle.internal.buildevents.BuildExceptionReporter] 
2025-03-13T17:32:41.720+0530 [ERROR] [org.gradle.internal.buildevents.BuildExceptionReporter] FAILURE: Build failed with an exception.
2025-03-13T17:32:41.720+0530 [ERROR] [org.gradle.internal.buildevents.BuildExceptionReporter] 
2025-03-13T17:32:41.720+0530 [ERROR] [org.gradle.internal.buildevents.BuildExceptionReporter] * What went wrong:
2025-03-13T17:32:41.721+0530 [ERROR] [org.gradle.internal.buildevents.BuildExceptionReporter] Could not read workspace metadata from /Users/sandyy/.gradle/caches/8.10.2/kotlin-dsl/accessors/5e140ddbc121bcd5617dabdca51df8bd/metadata.bin
2025-03-13T17:32:41.721+0530 [ERROR] [org.gradle.internal.buildevents.BuildExceptionReporter] > /Users/sandyy/.gradle/caches/8.10.2/kotlin-dsl/accessors/5e140ddbc121bcd5617dabdca51df8bd/metadata.bin (No such file or directory)
2025-03-13T17:32:41.721+0530 [ERROR] [org.gradle.internal.buildevents.BuildExceptionReporter] 
2025-03-13T17:32:41.721+0530 [ERROR] [org.gradle.internal.buildevents.BuildExceptionReporter] * Try:
2025-03-13T17:32:41.721+0530 [ERROR] [org.gradle.internal.buildevents.BuildExceptionReporter] > Run with --scan to get full insights.
2025-03-13T17:32:41.721+0530 [ERROR] [org.gradle.internal.buildevents.BuildExceptionReporter] > Get more help at https://help.gradle.org.
2025-03-13T17:32:41.721+0530 [ERROR] [org.gradle.internal.buildevents.BuildExceptionReporter] 
2025-03-13T17:32:41.721+0530 [ERROR] [org.gradle.internal.buildevents.BuildExceptionReporter] * Exception is:
2025-03-13T17:32:41.721+0530 [ERROR] [org.gradle.internal.buildevents.BuildExceptionReporter] java.io.UncheckedIOException: Could not read workspace metadata from /Users/sandyy/.gradle/caches/8.10.2/kotlin-dsl/accessors/5e140ddbc121bcd5617dabdca51df8bd/metadata.bin
2025-03-13T17:32:41.721+0530 [ERROR] [org.gradle.internal.buildevents.BuildExceptionReporter] 	at org.gradle.internal.execution.history.impl.DefaultImmutableWorkspaceMetadataStore.loadWorkspaceMetadata(DefaultImmutableWorkspaceMetadataStore.java:60)
2025-03-13T17:32:41.721+0530 [ERROR] [org.gradle.internal.buildevents.BuildExceptionReporter] 	at org.gradle.internal.execution.steps.AssignImmutableWorkspaceStep.loadImmutableWorkspaceIfConsistent(AssignImmutableWorkspaceStep.java:147)
2025-03-13T17:32:41.721+0530 [ERROR] [org.gradle.internal.buildevents.BuildExceptionReporter] 	at org.gradle.internal.execution.steps.AssignImmutableWorkspaceStep.loadImmutableWorkspaceIfExists(AssignImmutableWorkspaceStep.java:129)
2025-03-13T17:32:41.721+0530 [ERROR] [org.gradle.internal.buildevents.BuildExceptionReporter] 	at org.gradle.internal.execution.steps.AssignImmutableWorkspaceStep.execute(AssignImmutableWorkspaceStep.java:120)
2025-03-13T17:32:41.721+0530 [ERROR] [org.gradle.internal.buildevents.BuildExceptionReporter] 	at org.gradle.internal.execution.steps.AssignImmutableWorkspaceStep.execute(AssignImmutableWorkspaceStep.java:90)
2025-03-13T17:32:41.721+0530 [ERROR] [org.gradle.internal.buildevents.BuildExceptionReporter] 	at org.gradle.internal.execution.steps.ChoosePipelineStep.execute(ChoosePipelineStep.java:38)
2025-03-13T17:32:41.721+0530 [ERROR] [org.gradle.internal.buildevents.BuildExceptionReporter] 	at org.gradle.internal.execution.steps.ChoosePipelineStep.execute(ChoosePipelineStep.java:23)
2025-03-13T17:32:41.721+0530 [ERROR] [org.gradle.internal.buildevents.BuildExceptionReporter] 	at org.gradle.internal.execution.steps.ExecuteWorkBuildOperationFiringStep.lambda$execute$2(ExecuteWorkBuildOperationFiringStep.java:67)
2025-03-13T17:32:41.721+0530 [ERROR] [org.gradle.internal.buildevents.BuildExceptionReporter] 	at org.gradle.internal.execution.steps.ExecuteWorkBuildOperationFiringStep.execute(ExecuteWorkBuildOperationFiringStep.java:67)
2025-03-13T17:32:41.721+0530 [ERROR] [org.gradle.internal.buildevents.BuildExceptionReporter] 	at org.gradle.internal.execution.steps.ExecuteWorkBuildOperationFiringStep.execute(ExecuteWorkBuildOperationFiringStep.java:39)
2025-03-13T17:32:41.721+0530 [ERROR] [org.gradle.internal.buildevents.BuildExceptionReporter] 	at org.gradle.internal.execution.steps.IdentityCacheStep.execute(IdentityCacheStep.java:46)
2025-03-13T17:32:41.721+0530 [ERROR] [org.gradle.internal.buildevents.BuildExceptionReporter] 	at org.gradle.internal.execution.steps.IdentityCacheStep.execute(IdentityCacheStep.java:34)
2025-03-13T17:32:41.721+0530 [ERROR] [org.gradle.internal.buildevents.BuildExceptionReporter] 	at org.gradle.internal.execution.steps.IdentifyStep.execute(IdentifyStep.java:48)
2025-03-13T17:32:41.721+0530 [ERROR] [org.gradle.internal.buildevents.BuildExceptionReporter] 	at org.gradle.internal.execution.steps.IdentifyStep.execute(IdentifyStep.java:35)
2025-03-13T17:32:41.721+0530 [ERROR] [org.gradle.internal.buildevents.BuildExceptionReporter] 	at org.gradle.internal.execution.impl.DefaultExecutionEngine$1.execute(DefaultExecutionEngine.java:61)
2025-03-13T17:32:41.721+0530 [ERROR] [org.gradle.internal.buildevents.BuildExceptionReporter] 	at org.gradle.kotlin.dsl.accessors.ProjectAccessorsClassPathGenerator.buildAccessorsClassPathFor(AccessorsClassPath.kt:108)
2025-03-13T17:32:41.721+0530 [ERROR] [org.gradle.internal.buildevents.BuildExceptionReporter] 	at org.gradle.kotlin.dsl.accessors.ProjectAccessorsClassPathGenerator.access$buildAccessorsClassPathFor(AccessorsClassPath.kt:75)
2025-03-13T17:32:41.721+0530 [ERROR] [org.gradle.internal.buildevents.BuildExceptionReporter] 	at org.gradle.kotlin.dsl.accessors.ProjectAccessorsClassPathGenerator.projectAccessorsClassPath(AccessorsClassPath.kt:87)
2025-03-13T17:32:41.721+0530 [ERROR] [org.gradle.internal.buildevents.BuildExceptionReporter] 	at org.gradle.kotlin.dsl.provider.StandardKotlinScriptEvaluator$InterpreterHost.accessorsClassPathFor(KotlinScriptEvaluator.kt:176)
2025-03-13T17:32:41.721+0530 [ERROR] [org.gradle.internal.buildevents.BuildExceptionReporter] 	at org.gradle.kotlin.dsl.execution.Interpreter$ProgramHost.accessorsClassPathFor(Interpreter.kt:449)
2025-03-13T17:32:41.722+0530 [ERROR] [org.gradle.internal.buildevents.BuildExceptionReporter] 	at Program.execute(Unknown Source)
2025-03-13T17:32:41.722+0530 [ERROR] [org.gradle.internal.buildevents.BuildExceptionReporter] 	at org.gradle.kotlin.dsl.execution.Interpreter$ProgramHost.eval(Interpreter.kt:516)
2025-03-13T17:32:41.722+0530 [ERROR] [org.gradle.internal.buildevents.BuildExceptionReporter] 	at org.gradle.kotlin.dsl.execution.Interpreter.eval(Interpreter.kt:194)
2025-03-13T17:32:41.722+0530 [ERROR] [org.gradle.internal.buildevents.BuildExceptionReporter] 	at org.gradle.kotlin.dsl.provider.StandardKotlinScriptEvaluator.evaluate(KotlinScriptEvaluator.kt:125)
2025-03-13T17:32:41.722+0530 [ERROR] [org.gradle.internal.buildevents.BuildExceptionReporter] 	at org.gradle.kotlin.dsl.provider.KotlinScriptPluginFactory$create$1.invoke(KotlinScriptPluginFactory.kt:46)
2025-03-13T17:32:41.722+0530 [ERROR] [org.gradle.internal.buildevents.BuildExceptionReporter] 	at org.gradle.kotlin.dsl.provider.KotlinScriptPluginFactory$create$1.invoke(KotlinScriptPluginFactory.kt:43)
2025-03-13T17:32:41.722+0530 [ERROR] [org.gradle.internal.buildevents.BuildExceptionReporter] 	at org.gradle.kotlin.dsl.provider.KotlinScriptPlugin.apply(KotlinScriptPlugin.kt:35)
2025-03-13T17:32:41.722+0530 [ERROR] [org.gradle.internal.buildevents.BuildExceptionReporter] 	at org.gradle.configuration.BuildOperationScriptPlugin$1.run(BuildOperationScriptPlugin.java:68)
2025-03-13T17:32:41.722+0530 [ERROR] [org.gradle.internal.buildevents.BuildExceptionReporter] 	at org.gradle.internal.operations.DefaultBuildOperationRunner$1.execute(DefaultBuildOperationRunner.java:29)
2025-03-13T17:32:41.722+0530 [ERROR] [org.gradle.internal.buildevents.BuildExceptionReporter] 	at org.gradle.internal.operations.DefaultBuildOperationRunner$1.execute(DefaultBuildOperationRunner.java:26)
2025-03-13T17:32:41.722+0530 [ERROR] [org.gradle.internal.buildevents.BuildExceptionReporter] 	at org.gradle.internal.operations.DefaultBuildOperationRunner$2.execute(DefaultBuildOperationRunner.java:66)
2025-03-13T17:32:41.722+0530 [ERROR] [org.gradle.internal.buildevents.BuildExceptionReporter] 	at org.gradle.internal.operations.DefaultBuildOperationRunner$2.execute(DefaultBuildOperationRunner.java:59)
2025-03-13T17:32:41.722+0530 [ERROR] [org.gradle.internal.buildevents.BuildExceptionReporter] 	at org.gradle.internal.operations.DefaultBuildOperationRunner.execute(DefaultBuildOperationRunner.java:166)
2025-03-13T17:32:41.722+0530 [ERROR] [org.gradle.internal.buildevents.BuildExceptionReporter] 	at org.gradle.internal.operations.DefaultBuildOperationRunner.execute(DefaultBuildOperationRunner.java:59)
2025-03-13T17:32:41.722+0530 [ERROR] [org.gradle.internal.buildevents.BuildExceptionReporter] 	at org.gradle.internal.operations.DefaultBuildOperationRunner.run(DefaultBuildOperationRunner.java:47)
2025-03-13T17:32:41.722+0530 [ERROR] [org.gradle.internal.buildevents.BuildExceptionReporter] 	at org.gradle.configuration.BuildOperationScriptPlugin.lambda$apply$0(BuildOperationScriptPlugin.java:65)
2025-03-13T17:32:41.722+0530 [ERROR] [org.gradle.internal.buildevents.BuildExceptionReporter] 	at org.gradle.internal.code.DefaultUserCodeApplicationContext.apply(DefaultUserCodeApplicationContext.java:44)
2025-03-13T17:32:41.722+0530 [ERROR] [org.gradle.internal.buildevents.BuildExceptionReporter] 	at org.gradle.configuration.BuildOperationScriptPlugin.apply(BuildOperationScriptPlugin.java:65)
2025-03-13T17:32:41.730+0530 [ERROR] [org.gradle.internal.buildevents.BuildExceptionReporter] 	at org.gradle.initialization.ScriptEvaluatingSettingsProcessor.applySettingsScript(ScriptEvaluatingSettingsProcessor.java:75)
2025-03-13T17:32:41.731+0530 [ERROR] [org.gradle.internal.buildevents.BuildExceptionReporter] 	at org.gradle.initialization.ScriptEvaluatingSettingsProcessor.process(ScriptEvaluatingSettingsProcessor.java:68)
2025-03-13T17:32:41.731+0530 [ERROR] [org.gradle.internal.buildevents.BuildExceptionReporter] 	at org.gradle.initialization.SettingsEvaluatedCallbackFiringSettingsProcessor.process(SettingsEvaluatedCallbackFiringSettingsProcessor.java:34)
2025-03-13T17:32:41.731+0530 [ERROR] [org.gradle.internal.buildevents.BuildExceptionReporter] 	at org.gradle.initialization.RootBuildCacheControllerSettingsProcessor.process(RootBuildCacheControllerSettingsProcessor.java:47)
2025-03-13T17:32:41.731+0530 [ERROR] [org.gradle.internal.buildevents.BuildExceptionReporter] 	at org.gradle.initialization.BuildOperationSettingsProcessor$2.call(BuildOperationSettingsProcessor.java:49)
2025-03-13T17:32:41.731+0530 [ERROR] [org.gradle.internal.buildevents.BuildExceptionReporter] 	at org.gradle.initialization.BuildOperationSettingsProcessor$2.call(BuildOperationSettingsProcessor.java:46)
2025-03-13T17:32:41.731+0530 [ERROR] [org.gradle.internal.buildevents.BuildExceptionReporter] 	at org.gradle.internal.operations.DefaultBuildOperationRunner$CallableBuildOperationWorker.execute(DefaultBuildOperationRunner.java:209)
2025-03-13T17:32:41.731+0530 [ERROR] [org.gradle.internal.buildevents.BuildExceptionReporter] 	at org.gradle.internal.operations.DefaultBuildOperationRunner$CallableBuildOperationWorker.execute(DefaultBuildOperationRunner.java:204)
2025-03-13T17:32:41.731+0530 [ERROR] [org.gradle.internal.buildevents.BuildExceptionReporter] 	at org.gradle.internal.operations.DefaultBuildOperationRunner$2.execute(DefaultBuildOperationRunner.java:66)
2025-03-13T17:32:41.731+0530 [ERROR] [org.gradle.internal.buildevents.BuildExceptionReporter] 	at org.gradle.internal.operations.DefaultBuildOperationRunner$2.execute(DefaultBuildOperationRunner.java:59)
2025-03-13T17:32:41.731+0530 [ERROR] [org.gradle.internal.buildevents.BuildExceptionReporter] 	at org.gradle.internal.operations.DefaultBuildOperationRunner.execute(DefaultBuildOperationRunner.java:166)
2025-03-13T17:32:41.731+0530 [ERROR] [org.gradle.internal.buildevents.BuildExceptionReporter] 	at org.gradle.internal.operations.DefaultBuildOperationRunner.execute(DefaultBuildOperationRunner.java:59)
2025-03-13T17:32:41.731+0530 [ERROR] [org.gradle.internal.buildevents.BuildExceptionReporter] 	at org.gradle.internal.operations.DefaultBuildOperationRunner.call(DefaultBuildOperationRunner.java:53)
2025-03-13T17:32:41.731+0530 [ERROR] [org.gradle.internal.buildevents.BuildExceptionReporter] 	at org.gradle.initialization.BuildOperationSettingsProcessor.process(BuildOperationSettingsProcessor.java:46)
2025-03-13T17:32:41.731+0530 [ERROR] [org.gradle.internal.buildevents.BuildExceptionReporter] 	at org.gradle.initialization.DefaultSettingsLoader.findSettingsAndLoadIfAppropriate(DefaultSettingsLoader.java:143)
2025-03-13T17:32:41.731+0530 [ERROR] [org.gradle.internal.buildevents.BuildExceptionReporter] 	at org.gradle.initialization.DefaultSettingsLoader.findAndLoadSettings(DefaultSettingsLoader.java:63)
2025-03-13T17:32:41.731+0530 [ERROR] [org.gradle.internal.buildevents.BuildExceptionReporter] 	at org.gradle.initialization.SettingsAttachingSettingsLoader.findAndLoadSettings(SettingsAttachingSettingsLoader.java:33)
2025-03-13T17:32:41.731+0530 [ERROR] [org.gradle.internal.buildevents.BuildExceptionReporter] 	at org.gradle.internal.composite.CommandLineIncludedBuildSettingsLoader.findAndLoadSettings(CommandLineIncludedBuildSettingsLoader.java:35)
2025-03-13T17:32:41.731+0530 [ERROR] [org.gradle.internal.buildevents.BuildExceptionReporter] 	at org.gradle.internal.composite.ChildBuildRegisteringSettingsLoader.findAndLoadSettings(ChildBuildRegisteringSettingsLoader.java:44)
2025-03-13T17:32:41.731+0530 [ERROR] [org.gradle.internal.buildevents.BuildExceptionReporter] 	at org.gradle.internal.composite.CompositeBuildSettingsLoader.findAndLoadSettings(CompositeBuildSettingsLoader.java:35)
2025-03-13T17:32:41.731+0530 [ERROR] [org.gradle.internal.buildevents.BuildExceptionReporter] 	at org.gradle.initialization.InitScriptHandlingSettingsLoader.findAndLoadSettings(InitScriptHandlingSettingsLoader.java:33)
2025-03-13T17:32:41.731+0530 [ERROR] [org.gradle.internal.buildevents.BuildExceptionReporter] 	at org.gradle.api.internal.initialization.CacheConfigurationsHandlingSettingsLoader.findAndLoadSettings(CacheConfigurationsHandlingSettingsLoader.java:36)
2025-03-13T17:32:41.732+0530 [ERROR] [org.gradle.internal.buildevents.BuildExceptionReporter] 	at org.gradle.initialization.GradlePropertiesHandlingSettingsLoader.findAndLoadSettings(GradlePropertiesHandlingSettingsLoader.java:38)
2025-03-13T17:32:41.732+0530 [ERROR] [org.gradle.internal.buildevents.BuildExceptionReporter] 	at org.gradle.initialization.DefaultSettingsPreparer.prepareSettings(DefaultSettingsPreparer.java:31)
2025-03-13T17:32:41.732+0530 [ERROR] [org.gradle.internal.buildevents.BuildExceptionReporter] 	at org.gradle.initialization.BuildOperationFiringSettingsPreparer$LoadBuild.doLoadBuild(BuildOperationFiringSettingsPreparer.java:71)
2025-03-13T17:32:41.732+0530 [ERROR] [org.gradle.internal.buildevents.BuildExceptionReporter] 	at org.gradle.initialization.BuildOperationFiringSettingsPreparer$LoadBuild.run(BuildOperationFiringSettingsPreparer.java:66)
2025-03-13T17:32:41.732+0530 [ERROR] [org.gradle.internal.buildevents.BuildExceptionReporter] 	at org.gradle.internal.operations.DefaultBuildOperationRunner$1.execute(DefaultBuildOperationRunner.java:29)
2025-03-13T17:32:41.732+0530 [ERROR] [org.gradle.internal.buildevents.BuildExceptionReporter] 	at org.gradle.internal.operations.DefaultBuildOperationRunner$1.execute(DefaultBuildOperationRunner.java:26)
2025-03-13T17:32:41.732+0530 [ERROR] [org.gradle.internal.buildevents.BuildExceptionReporter] 	at org.gradle.internal.operations.DefaultBuildOperationRunner$2.execute(DefaultBuildOperationRunner.java:66)
2025-03-13T17:32:41.732+0530 [ERROR] [org.gradle.internal.buildevents.BuildExceptionReporter] 	at org.gradle.internal.operations.DefaultBuildOperationRunner$2.execute(DefaultBuildOperationRunner.java:59)
2025-03-13T17:32:41.732+0530 [ERROR] [org.gradle.internal.buildevents.BuildExceptionReporter] 	at org.gradle.internal.operations.DefaultBuildOperationRunner.execute(DefaultBuildOperationRunner.java:166)
2025-03-13T17:32:41.732+0530 [ERROR] [org.gradle.internal.buildevents.BuildExceptionReporter] 	at org.gradle.internal.operations.DefaultBuildOperationRunner.execute(DefaultBuildOperationRunner.java:59)
2025-03-13T17:32:41.732+0530 [ERROR] [org.gradle.internal.buildevents.BuildExceptionReporter] 	at org.gradle.internal.operations.DefaultBuildOperationRunner.run(DefaultBuildOperationRunner.java:47)
2025-03-13T17:32:41.732+0530 [ERROR] [org.gradle.internal.buildevents.BuildExceptionReporter] 	at org.gradle.initialization.BuildOperationFiringSettingsPreparer.prepareSettings(BuildOperationFiringSettingsPreparer.java:54)
2025-03-13T17:32:41.732+0530 [ERROR] [org.gradle.internal.buildevents.BuildExceptionReporter] 	at org.gradle.initialization.VintageBuildModelController.lambda$prepareSettings$1(VintageBuildModelController.java:80)
2025-03-13T17:32:41.732+0530 [ERROR] [org.gradle.internal.buildevents.BuildExceptionReporter] 	at org.gradle.internal.model.StateTransitionController.lambda$doTransition$14(StateTransitionController.java:255)
2025-03-13T17:32:41.732+0530 [ERROR] [org.gradle.internal.buildevents.BuildExceptionReporter] 	at org.gradle.internal.model.StateTransitionController.doTransition(StateTransitionController.java:266)
2025-03-13T17:32:41.732+0530 [ERROR] [org.gradle.internal.buildevents.BuildExceptionReporter] 	at org.gradle.internal.model.StateTransitionController.doTransition(StateTransitionController.java:254)
2025-03-13T17:32:41.732+0530 [ERROR] [org.gradle.internal.buildevents.BuildExceptionReporter] 	at org.gradle.internal.model.StateTransitionController.lambda$transitionIfNotPreviously$11(StateTransitionController.java:213)
2025-03-13T17:32:41.732+0530 [ERROR] [org.gradle.internal.buildevents.BuildExceptionReporter] 	at org.gradle.internal.work.DefaultSynchronizer.withLock(DefaultSynchronizer.java:34)
2025-03-13T17:32:41.732+0530 [ERROR] [org.gradle.internal.buildevents.BuildExceptionReporter] 	at org.gradle.internal.model.StateTransitionController.transitionIfNotPreviously(StateTransitionController.java:209)
2025-03-13T17:32:41.732+0530 [ERROR] [org.gradle.internal.buildevents.BuildExceptionReporter] 	at org.gradle.initialization.VintageBuildModelController.prepareSettings(VintageBuildModelController.java:80)
2025-03-13T17:32:41.732+0530 [ERROR] [org.gradle.internal.buildevents.BuildExceptionReporter] 	at org.gradle.initialization.VintageBuildModelController.prepareToScheduleTasks(VintageBuildModelController.java:70)
2025-03-13T17:32:41.732+0530 [ERROR] [org.gradle.internal.buildevents.BuildExceptionReporter] 	at org.gradle.internal.build.DefaultBuildLifecycleController.lambda$prepareToScheduleTasks$6(DefaultBuildLifecycleController.java:175)
2025-03-13T17:32:41.732+0530 [ERROR] [org.gradle.internal.buildevents.BuildExceptionReporter] 	at org.gradle.internal.model.StateTransitionController.lambda$doTransition$14(StateTransitionController.java:255)
2025-03-13T17:32:41.732+0530 [ERROR] [org.gradle.internal.buildevents.BuildExceptionReporter] 	at org.gradle.internal.model.StateTransitionController.doTransition(StateTransitionController.java:266)
2025-03-13T17:32:41.732+0530 [ERROR] [org.gradle.internal.buildevents.BuildExceptionReporter] 	at org.gradle.internal.model.StateTransitionController.doTransition(StateTransitionController.java:254)
2025-03-13T17:32:41.732+0530 [ERROR] [org.gradle.internal.buildevents.BuildExceptionReporter] 	at org.gradle.internal.model.StateTransitionController.lambda$maybeTransition$9(StateTransitionController.java:190)
2025-03-13T17:32:41.732+0530 [ERROR] [org.gradle.internal.buildevents.BuildExceptionReporter] 	at org.gradle.internal.work.DefaultSynchronizer.withLock(DefaultSynchronizer.java:34)
2025-03-13T17:32:41.732+0530 [ERROR] [org.gradle.internal.buildevents.BuildExceptionReporter] 	at org.gradle.internal.model.StateTransitionController.maybeTransition(StateTransitionController.java:186)
2025-03-13T17:32:41.732+0530 [ERROR] [org.gradle.internal.buildevents.BuildExceptionReporter] 	at org.gradle.internal.build.DefaultBuildLifecycleController.prepareToScheduleTasks(DefaultBuildLifecycleController.java:173)
2025-03-13T17:32:41.732+0530 [ERROR] [org.gradle.internal.buildevents.BuildExceptionReporter] 	at org.gradle.internal.buildtree.DefaultBuildTreeWorkPreparer.scheduleRequestedTasks(DefaultBuildTreeWorkPreparer.java:36)
2025-03-13T17:32:41.732+0530 [ERROR] [org.gradle.internal.buildevents.BuildExceptionReporter] 	at org.gradle.internal.cc.impl.VintageBuildTreeWorkController$scheduleAndRunRequestedTasks$1.apply(VintageBuildTreeWorkController.kt:36)
2025-03-13T17:32:41.733+0530 [ERROR] [org.gradle.internal.buildevents.BuildExceptionReporter] 	at org.gradle.internal.cc.impl.VintageBuildTreeWorkController$scheduleAndRunRequestedTasks$1.apply(VintageBuildTreeWorkController.kt:35)
2025-03-13T17:32:41.733+0530 [ERROR] [org.gradle.internal.buildevents.BuildExceptionReporter] 	at org.gradle.composite.internal.DefaultIncludedBuildTaskGraph.withNewWorkGraph(DefaultIncludedBuildTaskGraph.java:112)
2025-03-13T17:32:41.733+0530 [ERROR] [org.gradle.internal.buildevents.BuildExceptionReporter] 	at org.gradle.internal.cc.impl.VintageBuildTreeWorkController.scheduleAndRunRequestedTasks(VintageBuildTreeWorkController.kt:35)
2025-03-13T17:32:41.733+0530 [ERROR] [org.gradle.internal.buildevents.BuildExceptionReporter] 	at org.gradle.internal.buildtree.DefaultBuildTreeLifecycleController.lambda$scheduleAndRunTasks$1(DefaultBuildTreeLifecycleController.java:77)
2025-03-13T17:32:41.733+0530 [ERROR] [org.gradle.internal.buildevents.BuildExceptionReporter] 	at org.gradle.internal.buildtree.DefaultBuildTreeLifecycleController.lambda$runBuild$4(DefaultBuildTreeLifecycleController.java:120)
2025-03-13T17:32:41.733+0530 [ERROR] [org.gradle.internal.buildevents.BuildExceptionReporter] 	at org.gradle.internal.model.StateTransitionController.lambda$transition$6(StateTransitionController.java:169)
2025-03-13T17:32:41.733+0530 [ERROR] [org.gradle.internal.buildevents.BuildExceptionReporter] 	at org.gradle.internal.model.StateTransitionController.doTransition(StateTransitionController.java:266)
2025-03-13T17:32:41.733+0530 [ERROR] [org.gradle.internal.buildevents.BuildExceptionReporter] 	at org.gradle.internal.model.StateTransitionController.lambda$transition$7(StateTransitionController.java:169)
2025-03-13T17:32:41.733+0530 [ERROR] [org.gradle.internal.buildevents.BuildExceptionReporter] 	at org.gradle.internal.work.DefaultSynchronizer.withLock(DefaultSynchronizer.java:44)
2025-03-13T17:32:41.733+0530 [ERROR] [org.gradle.internal.buildevents.BuildExceptionReporter] 	at org.gradle.internal.model.StateTransitionController.transition(StateTransitionController.java:169)
2025-03-13T17:32:41.733+0530 [ERROR] [org.gradle.internal.buildevents.BuildExceptionReporter] 	at org.gradle.internal.buildtree.DefaultBuildTreeLifecycleController.runBuild(DefaultBuildTreeLifecycleController.java:117)
2025-03-13T17:32:41.733+0530 [ERROR] [org.gradle.internal.buildevents.BuildExceptionReporter] 	at org.gradle.internal.buildtree.DefaultBuildTreeLifecycleController.scheduleAndRunTasks(DefaultBuildTreeLifecycleController.java:77)
2025-03-13T17:32:41.733+0530 [ERROR] [org.gradle.internal.buildevents.BuildExceptionReporter] 	at org.gradle.internal.buildtree.DefaultBuildTreeLifecycleController.scheduleAndRunTasks(DefaultBuildTreeLifecycleController.java:72)
2025-03-13T17:32:41.733+0530 [ERROR] [org.gradle.internal.buildevents.BuildExceptionReporter] 	at org.gradle.tooling.internal.provider.ExecuteBuildActionRunner.run(ExecuteBuildActionRunner.java:31)
2025-03-13T17:32:41.733+0530 [ERROR] [org.gradle.internal.buildevents.BuildExceptionReporter] 	at org.gradle.launcher.exec.ChainingBuildActionRunner.run(ChainingBuildActionRunner.java:35)
2025-03-13T17:32:41.733+0530 [ERROR] [org.gradle.internal.buildevents.BuildExceptionReporter] 	at org.gradle.internal.buildtree.ProblemReportingBuildActionRunner.run(ProblemReportingBuildActionRunner.java:49)
2025-03-13T17:32:41.733+0530 [ERROR] [org.gradle.internal.buildevents.BuildExceptionReporter] 	at org.gradle.launcher.exec.BuildOutcomeReportingBuildActionRunner.run(BuildOutcomeReportingBuildActionRunner.java:65)
2025-03-13T17:32:41.733+0530 [ERROR] [org.gradle.internal.buildevents.BuildExceptionReporter] 	at org.gradle.tooling.internal.provider.FileSystemWatchingBuildActionRunner.run(FileSystemWatchingBuildActionRunner.java:140)
2025-03-13T17:32:41.733+0530 [ERROR] [org.gradle.internal.buildevents.BuildExceptionReporter] 	at org.gradle.launcher.exec.BuildCompletionNotifyingBuildActionRunner.run(BuildCompletionNotifyingBuildActionRunner.java:41)
2025-03-13T17:32:41.733+0530 [ERROR] [org.gradle.internal.buildevents.BuildExceptionReporter] 	at org.gradle.launcher.exec.RootBuildLifecycleBuildActionExecutor.lambda$execute$0(RootBuildLifecycleBuildActionExecutor.java:54)
2025-03-13T17:32:41.733+0530 [ERROR] [org.gradle.internal.buildevents.BuildExceptionReporter] 	at org.gradle.composite.internal.DefaultRootBuildState.run(DefaultRootBuildState.java:130)
2025-03-13T17:32:41.733+0530 [ERROR] [org.gradle.internal.buildevents.BuildExceptionReporter] 	at org.gradle.launcher.exec.RootBuildLifecycleBuildActionExecutor.execute(RootBuildLifecycleBuildActionExecutor.java:54)
2025-03-13T17:32:41.800+0530 [ERROR] [org.gradle.internal.buildevents.BuildExceptionReporter] 	at org.gradle.internal.buildtree.InitDeprecationLoggingActionExecutor.execute(InitDeprecationLoggingActionExecutor.java:62)
2025-03-13T17:32:41.800+0530 [ERROR] [org.gradle.internal.buildevents.BuildExceptionReporter] 	at org.gradle.internal.buildtree.InitProblems.execute(InitProblems.java:36)
2025-03-13T17:32:41.800+0530 [ERROR] [org.gradle.internal.buildevents.BuildExceptionReporter] 	at org.gradle.internal.buildtree.DefaultBuildTreeContext.execute(DefaultBuildTreeContext.java:40)
2025-03-13T17:32:41.800+0530 [ERROR] [org.gradle.internal.buildevents.BuildExceptionReporter] 	at org.gradle.launcher.exec.BuildTreeLifecycleBuildActionExecutor.lambda$execute$0(BuildTreeLifecycleBuildActionExecutor.java:71)
2025-03-13T17:32:41.800+0530 [ERROR] [org.gradle.internal.buildevents.BuildExceptionReporter] 	at org.gradle.internal.buildtree.BuildTreeState.run(BuildTreeState.java:60)
2025-03-13T17:32:41.800+0530 [ERROR] [org.gradle.internal.buildevents.BuildExceptionReporter] 	at org.gradle.launcher.exec.BuildTreeLifecycleBuildActionExecutor.execute(BuildTreeLifecycleBuildActionExecutor.java:71)
2025-03-13T17:32:41.800+0530 [ERROR] [org.gradle.internal.buildevents.BuildExceptionReporter] 	at org.gradle.launcher.exec.RunAsBuildOperationBuildActionExecutor$3.call(RunAsBuildOperationBuildActionExecutor.java:61)
2025-03-13T17:32:41.800+0530 [ERROR] [org.gradle.internal.buildevents.BuildExceptionReporter] 	at org.gradle.launcher.exec.RunAsBuildOperationBuildActionExecutor$3.call(RunAsBuildOperationBuildActionExecutor.java:57)
2025-03-13T17:32:41.800+0530 [ERROR] [org.gradle.internal.buildevents.BuildExceptionReporter] 	at org.gradle.internal.operations.DefaultBuildOperationRunner$CallableBuildOperationWorker.execute(DefaultBuildOperationRunner.java:209)
2025-03-13T17:32:41.800+0530 [ERROR] [org.gradle.internal.buildevents.BuildExceptionReporter] 	at org.gradle.internal.operations.DefaultBuildOperationRunner$CallableBuildOperationWorker.execute(DefaultBuildOperationRunner.java:204)
2025-03-13T17:32:41.800+0530 [ERROR] [org.gradle.internal.buildevents.BuildExceptionReporter] 	at org.gradle.internal.operations.DefaultBuildOperationRunner$2.execute(DefaultBuildOperationRunner.java:66)
2025-03-13T17:32:41.800+0530 [ERROR] [org.gradle.internal.buildevents.BuildExceptionReporter] 	at org.gradle.internal.operations.DefaultBuildOperationRunner$2.execute(DefaultBuildOperationRunner.java:59)
2025-03-13T17:32:41.800+0530 [ERROR] [org.gradle.internal.buildevents.BuildExceptionReporter] 	at org.gradle.internal.operations.DefaultBuildOperationRunner.execute(DefaultBuildOperationRunner.java:166)
2025-03-13T17:32:41.800+0530 [ERROR] [org.gradle.internal.buildevents.BuildExceptionReporter] 	at org.gradle.internal.operations.DefaultBuildOperationRunner.execute(DefaultBuildOperationRunner.java:59)
2025-03-13T17:32:41.800+0530 [ERROR] [org.gradle.internal.buildevents.BuildExceptionReporter] 	at org.gradle.internal.operations.DefaultBuildOperationRunner.call(DefaultBuildOperationRunner.java:53)
2025-03-13T17:32:41.800+0530 [ERROR] [org.gradle.internal.buildevents.BuildExceptionReporter] 	at org.gradle.launcher.exec.RunAsBuildOperationBuildActionExecutor.execute(RunAsBuildOperationBuildActionExecutor.java:57)
2025-03-13T17:32:41.800+0530 [ERROR] [org.gradle.internal.buildevents.BuildExceptionReporter] 	at org.gradle.launcher.exec.RunAsWorkerThreadBuildActionExecutor.lambda$execute$0(RunAsWorkerThreadBuildActionExecutor.java:36)
2025-03-13T17:32:41.800+0530 [ERROR] [org.gradle.internal.buildevents.BuildExceptionReporter] 	at org.gradle.internal.work.DefaultWorkerLeaseService.withLocks(DefaultWorkerLeaseService.java:263)
2025-03-13T17:32:41.800+0530 [ERROR] [org.gradle.internal.buildevents.BuildExceptionReporter] 	at org.gradle.internal.work.DefaultWorkerLeaseService.runAsWorkerThread(DefaultWorkerLeaseService.java:127)
2025-03-13T17:32:41.800+0530 [ERROR] [org.gradle.internal.buildevents.BuildExceptionReporter] 	at org.gradle.launcher.exec.RunAsWorkerThreadBuildActionExecutor.execute(RunAsWorkerThreadBuildActionExecutor.java:36)
2025-03-13T17:32:41.800+0530 [ERROR] [org.gradle.internal.buildevents.BuildExceptionReporter] 	at org.gradle.tooling.internal.provider.continuous.ContinuousBuildActionExecutor.execute(ContinuousBuildActionExecutor.java:110)
2025-03-13T17:32:41.801+0530 [ERROR] [org.gradle.internal.buildevents.BuildExceptionReporter] 	at org.gradle.tooling.internal.provider.SubscribableBuildActionExecutor.execute(SubscribableBuildActionExecutor.java:64)
2025-03-13T17:32:41.801+0530 [ERROR] [org.gradle.internal.buildevents.BuildExceptionReporter] 	at org.gradle.internal.session.DefaultBuildSessionContext.execute(DefaultBuildSessionContext.java:46)
2025-03-13T17:32:41.801+0530 [ERROR] [org.gradle.internal.buildevents.BuildExceptionReporter] 	at org.gradle.internal.buildprocess.execution.BuildSessionLifecycleBuildActionExecutor$ActionImpl.apply(BuildSessionLifecycleBuildActionExecutor.java:92)
2025-03-13T17:32:41.801+0530 [ERROR] [org.gradle.internal.buildevents.BuildExceptionReporter] 	at org.gradle.internal.buildprocess.execution.BuildSessionLifecycleBuildActionExecutor$ActionImpl.apply(BuildSessionLifecycleBuildActionExecutor.java:80)
2025-03-13T17:32:41.801+0530 [ERROR] [org.gradle.internal.buildevents.BuildExceptionReporter] 	at org.gradle.internal.session.BuildSessionState.run(BuildSessionState.java:71)
2025-03-13T17:32:41.801+0530 [ERROR] [org.gradle.internal.buildevents.BuildExceptionReporter] 	at org.gradle.internal.buildprocess.execution.BuildSessionLifecycleBuildActionExecutor.execute(BuildSessionLifecycleBuildActionExecutor.java:62)
2025-03-13T17:32:41.801+0530 [ERROR] [org.gradle.internal.buildevents.BuildExceptionReporter] 	at org.gradle.internal.buildprocess.execution.BuildSessionLifecycleBuildActionExecutor.execute(BuildSessionLifecycleBuildActionExecutor.java:41)
2025-03-13T17:32:41.801+0530 [ERROR] [org.gradle.internal.buildevents.BuildExceptionReporter] 	at org.gradle.internal.buildprocess.execution.StartParamsValidatingActionExecutor.execute(StartParamsValidatingActionExecutor.java:64)
2025-03-13T17:32:41.801+0530 [ERROR] [org.gradle.internal.buildevents.BuildExceptionReporter] 	at org.gradle.internal.buildprocess.execution.StartParamsValidatingActionExecutor.execute(StartParamsValidatingActionExecutor.java:32)
2025-03-13T17:32:41.801+0530 [ERROR] [org.gradle.internal.buildevents.BuildExceptionReporter] 	at org.gradle.internal.buildprocess.execution.SessionFailureReportingActionExecutor.execute(SessionFailureReportingActionExecutor.java:51)
2025-03-13T17:32:41.801+0530 [ERROR] [org.gradle.internal.buildevents.BuildExceptionReporter] 	at org.gradle.internal.buildprocess.execution.SessionFailureReportingActionExecutor.execute(SessionFailureReportingActionExecutor.java:39)
2025-03-13T17:32:41.801+0530 [ERROR] [org.gradle.internal.buildevents.BuildExceptionReporter] 	at org.gradle.internal.buildprocess.execution.SetupLoggingActionExecutor.execute(SetupLoggingActionExecutor.java:47)
2025-03-13T17:32:41.801+0530 [ERROR] [org.gradle.internal.buildevents.BuildExceptionReporter] 	at org.gradle.internal.buildprocess.execution.SetupLoggingActionExecutor.execute(SetupLoggingActionExecutor.java:31)
2025-03-13T17:32:41.801+0530 [ERROR] [org.gradle.internal.buildevents.BuildExceptionReporter] 	at org.gradle.launcher.daemon.server.exec.ExecuteBuild.doBuild(ExecuteBuild.java:70)
2025-03-13T17:32:41.801+0530 [ERROR] [org.gradle.internal.buildevents.BuildExceptionReporter] 	at org.gradle.launcher.daemon.server.exec.BuildCommandOnly.execute(BuildCommandOnly.java:37)
2025-03-13T17:32:41.801+0530 [ERROR] [org.gradle.internal.buildevents.BuildExceptionReporter] 	at org.gradle.launcher.daemon.server.api.DaemonCommandExecution.proceed(DaemonCommandExecution.java:104)
2025-03-13T17:32:41.801+0530 [ERROR] [org.gradle.internal.buildevents.BuildExceptionReporter] 	at org.gradle.launcher.daemon.server.exec.WatchForDisconnection.execute(WatchForDisconnection.java:39)
2025-03-13T17:32:41.801+0530 [ERROR] [org.gradle.internal.buildevents.BuildExceptionReporter] 	at org.gradle.launcher.daemon.server.api.DaemonCommandExecution.proceed(DaemonCommandExecution.java:104)
2025-03-13T17:32:41.801+0530 [ERROR] [org.gradle.internal.buildevents.BuildExceptionReporter] 	at org.gradle.launcher.daemon.server.exec.ResetDeprecationLogger.execute(ResetDeprecationLogger.java:29)
2025-03-13T17:32:41.801+0530 [ERROR] [org.gradle.internal.buildevents.BuildExceptionReporter] 	at org.gradle.launcher.daemon.server.api.DaemonCommandExecution.proceed(DaemonCommandExecution.java:104)
2025-03-13T17:32:41.801+0530 [ERROR] [org.gradle.internal.buildevents.BuildExceptionReporter] 	at org.gradle.launcher.daemon.server.exec.RequestStopIfSingleUsedDaemon.execute(RequestStopIfSingleUsedDaemon.java:35)
2025-03-13T17:32:41.801+0530 [ERROR] [org.gradle.internal.buildevents.BuildExceptionReporter] 	at org.gradle.launcher.daemon.server.api.DaemonCommandExecution.proceed(DaemonCommandExecution.java:104)
2025-03-13T17:32:41.801+0530 [ERROR] [org.gradle.internal.buildevents.BuildExceptionReporter] 	at org.gradle.launcher.daemon.server.exec.ForwardClientInput.lambda$execute$0(ForwardClientInput.java:40)
2025-03-13T17:32:41.801+0530 [ERROR] [org.gradle.internal.buildevents.BuildExceptionReporter] 	at org.gradle.internal.daemon.clientinput.ClientInputForwarder.forwardInput(ClientInputForwarder.java:80)
2025-03-13T17:32:41.801+0530 [ERROR] [org.gradle.internal.buildevents.BuildExceptionReporter] 	at org.gradle.launcher.daemon.server.exec.ForwardClientInput.execute(ForwardClientInput.java:37)
2025-03-13T17:32:41.801+0530 [ERROR] [org.gradle.internal.buildevents.BuildExceptionReporter] 	at org.gradle.launcher.daemon.server.api.DaemonCommandExecution.proceed(DaemonCommandExecution.java:104)
2025-03-13T17:32:41.802+0530 [ERROR] [org.gradle.internal.buildevents.BuildExceptionReporter] 	at org.gradle.launcher.daemon.server.exec.LogAndCheckHealth.execute(LogAndCheckHealth.java:64)
2025-03-13T17:32:41.802+0530 [ERROR] [org.gradle.internal.buildevents.BuildExceptionReporter] 	at org.gradle.launcher.daemon.server.api.DaemonCommandExecution.proceed(DaemonCommandExecution.java:104)
2025-03-13T17:32:41.802+0530 [ERROR] [org.gradle.internal.buildevents.BuildExceptionReporter] 	at org.gradle.launcher.daemon.server.exec.LogToClient.doBuild(LogToClient.java:63)
2025-03-13T17:32:41.802+0530 [ERROR] [org.gradle.internal.buildevents.BuildExceptionReporter] 	at org.gradle.launcher.daemon.server.exec.BuildCommandOnly.execute(BuildCommandOnly.java:37)
2025-03-13T17:32:41.802+0530 [ERROR] [org.gradle.internal.buildevents.BuildExceptionReporter] 	at org.gradle.launcher.daemon.server.api.DaemonCommandExecution.proceed(DaemonCommandExecution.java:104)
2025-03-13T17:32:41.802+0530 [ERROR] [org.gradle.internal.buildevents.BuildExceptionReporter] 	at org.gradle.launcher.daemon.server.exec.EstablishBuildEnvironment.doBuild(EstablishBuildEnvironment.java:84)
2025-03-13T17:32:41.802+0530 [ERROR] [org.gradle.internal.buildevents.BuildExceptionReporter] 	at org.gradle.launcher.daemon.server.exec.BuildCommandOnly.execute(BuildCommandOnly.java:37)
2025-03-13T17:32:41.802+0530 [ERROR] [org.gradle.internal.buildevents.BuildExceptionReporter] 	at org.gradle.launcher.daemon.server.api.DaemonCommandExecution.proceed(DaemonCommandExecution.java:104)
2025-03-13T17:32:41.802+0530 [ERROR] [org.gradle.internal.buildevents.BuildExceptionReporter] 	at org.gradle.launcher.daemon.server.exec.StartBuildOrRespondWithBusy$1.run(StartBuildOrRespondWithBusy.java:52)
2025-03-13T17:32:41.802+0530 [ERROR] [org.gradle.internal.buildevents.BuildExceptionReporter] 	at org.gradle.launcher.daemon.server.DaemonStateCoordinator.lambda$runCommand$0(DaemonStateCoordinator.java:321)
2025-03-13T17:32:41.802+0530 [ERROR] [org.gradle.internal.buildevents.BuildExceptionReporter] 	at org.gradle.internal.concurrent.ExecutorPolicy$CatchAndRecordFailures.onExecute(ExecutorPolicy.java:64)
2025-03-13T17:32:41.802+0530 [ERROR] [org.gradle.internal.buildevents.BuildExceptionReporter] 	at org.gradle.internal.concurrent.AbstractManagedExecutor$1.run(AbstractManagedExecutor.java:48)
2025-03-13T17:32:41.802+0530 [ERROR] [org.gradle.internal.buildevents.BuildExceptionReporter] Caused by: java.io.FileNotFoundException: /Users/sandyy/.gradle/caches/8.10.2/kotlin-dsl/accessors/5e140ddbc121bcd5617dabdca51df8bd/metadata.bin (No such file or directory)
2025-03-13T17:32:41.802+0530 [ERROR] [org.gradle.internal.buildevents.BuildExceptionReporter] 	at org.gradle.internal.execution.history.impl.DefaultImmutableWorkspaceMetadataStore.loadWorkspaceMetadata(DefaultImmutableWorkspaceMetadataStore.java:45)
2025-03-13T17:32:41.802+0530 [ERROR] [org.gradle.internal.buildevents.BuildExceptionReporter] 	... 171 more
2025-03-13T17:32:41.802+0530 [ERROR] [org.gradle.internal.buildevents.BuildExceptionReporter] 
2025-03-13T17:32:41.802+0530 [ERROR] [org.gradle.internal.buildevents.BuildResultLogger] 
2025-03-13T17:32:41.802+0530 [ERROR] [org.gradle.internal.buildevents.BuildResultLogger] BUILD FAILED in 566ms
2025-03-13T17:32:41.802+0530 [DEBUG] [org.gradle.internal.operations.DefaultBuildOperationRunner] Build operation 'Build finished for file system watching' started
2025-03-13T17:32:41.819+0530 [INFO] [org.gradle.internal.watch.registry.impl.HierarchicalFileWatcherUpdater] Watched directory hierarchies: []
2025-03-13T17:32:41.831+0530 [DEBUG] [org.gradle.internal.operations.DefaultBuildOperationRunner] Completing Build operation 'Build finished for file system watching'
2025-03-13T17:32:41.831+0530 [DEBUG] [org.gradle.internal.operations.DefaultBuildOperationRunner] Build operation 'Build finished for file system watching' completed
2025-03-13T17:32:41.832+0530 [DEBUG] [org.gradle.cache.internal.LockOnDemandCrossProcessCacheAccess] Releasing file lock for cache directory md-supplier (/Users/sandyy/.gradle/caches/8.10.2/md-supplier)
2025-03-13T17:32:41.832+0530 [DEBUG] [org.gradle.cache.internal.DefaultFileLockManager] Releasing lock on cache directory md-supplier (/Users/sandyy/.gradle/caches/8.10.2/md-supplier).
2025-03-13T17:32:41.832+0530 [DEBUG] [org.gradle.cache.internal.LockOnDemandCrossProcessCacheAccess] Releasing file lock for Build Output Cleanup Cache (/Users/sandyy/Documents/fitglide/.gradle/buildOutputCleanup)
2025-03-13T17:32:41.832+0530 [DEBUG] [org.gradle.cache.internal.DefaultFileLockManager] Releasing lock on Build Output Cleanup Cache (/Users/sandyy/Documents/fitglide/.gradle/buildOutputCleanup).
2025-03-13T17:32:41.832+0530 [DEBUG] [org.gradle.cache.internal.LockOnDemandCrossProcessCacheAccess] Releasing file lock for cache directory md-rule (/Users/sandyy/.gradle/caches/8.10.2/md-rule)
2025-03-13T17:32:41.832+0530 [DEBUG] [org.gradle.cache.internal.DefaultFileLockManager] Releasing lock on cache directory md-rule (/Users/sandyy/.gradle/caches/8.10.2/md-rule).
2025-03-13T17:32:41.832+0530 [DEBUG] [org.gradle.api.internal.artifacts.ivyservice.resolveengine.store.ResolutionResultsStoreFactory] Deleted 0 resolution results binary files in 0.0 secs
2025-03-13T17:32:41.832+0530 [DEBUG] [org.gradle.internal.operations.DefaultBuildOperationRunner] Completing Build operation 'Run build'
2025-03-13T17:32:41.832+0530 [DEBUG] [org.gradle.internal.operations.DefaultBuildOperationRunner] Build operation 'Run build' completed
2025-03-13T17:32:41.832+0530 [DEBUG] [org.gradle.internal.resources.AbstractTrackedResourceLock] Daemon worker Thread 10: released lock on worker lease
2025-03-13T17:32:41.834+0530 [DEBUG] [org.gradle.deployment.internal.DefaultDeploymentRegistry] Stopping 0 deployment handles
2025-03-13T17:32:41.834+0530 [DEBUG] [org.gradle.deployment.internal.DefaultDeploymentRegistry] Stopped deployment handles
2025-03-13T17:32:41.834+0530 [DEBUG] [org.gradle.cache.internal.LockOnDemandCrossProcessCacheAccess] Releasing file lock for file hash cache (/Users/sandyy/Documents/fitglide/.gradle/8.10.2/fileHashes)
2025-03-13T17:32:41.834+0530 [DEBUG] [org.gradle.cache.internal.DefaultFileLockManager] Releasing lock on file hash cache (/Users/sandyy/Documents/fitglide/.gradle/8.10.2/fileHashes).
2025-03-13T17:32:41.834+0530 [DEBUG] [org.gradle.cache.internal.LockOnDemandCrossProcessCacheAccess] Releasing file lock for checksums cache (/Users/sandyy/Documents/fitglide/.gradle/8.10.2/checksums)
2025-03-13T17:32:41.834+0530 [DEBUG] [org.gradle.cache.internal.DefaultFileLockManager] Releasing lock on checksums cache (/Users/sandyy/Documents/fitglide/.gradle/8.10.2/checksums).
2025-03-13T17:32:41.834+0530 [DEBUG] [org.gradle.cache.internal.DefaultCacheCleanupExecutor] VCS Checkout Cache (/Users/sandyy/Documents/fitglide/.gradle/vcs-1) has last been fully cleaned up 0 hours ago
2025-03-13T17:32:41.834+0530 [DEBUG] [org.gradle.cache.internal.DefaultCacheCleanupExecutor] Skipping cleanup for VCS Checkout Cache (/Users/sandyy/Documents/fitglide/.gradle/vcs-1) as it is not yet due
2025-03-13T17:32:41.834+0530 [DEBUG] [org.gradle.cache.internal.DefaultCacheCoordinator] Cache VCS Checkout Cache (/Users/sandyy/Documents/fitglide/.gradle/vcs-1) was closed 0 times.
2025-03-13T17:32:41.834+0530 [DEBUG] [org.gradle.cache.internal.DefaultCacheCoordinator] Cache VCS metadata (/Users/sandyy/Documents/fitglide/.gradle/8.10.2/vcsMetadata) was closed 0 times.
2025-03-13T17:32:41.834+0530 [DEBUG] [org.gradle.internal.operations.DefaultBuildOperationRunner] Build operation 'Deleting unused version-specific caches in /Users/sandyy/Documents/fitglide/.gradle' started
2025-03-13T17:32:41.834+0530 [DEBUG] [org.gradle.internal.operations.DefaultBuildOperationRunner] Completing Build operation 'Deleting unused version-specific caches in /Users/sandyy/Documents/fitglide/.gradle'
2025-03-13T17:32:41.834+0530 [DEBUG] [org.gradle.internal.operations.DefaultBuildOperationRunner] Build operation 'Deleting unused version-specific caches in /Users/sandyy/Documents/fitglide/.gradle' completed
2025-03-13T17:32:41.835+0530 [DEBUG] [org.gradle.launcher.daemon.server.exec.ExecuteBuild] The daemon has finished executing the build.
2025-03-13T17:32:41.855+0530 [DEBUG] [org.gradle.launcher.daemon.client.DaemonClientConnection] thread 1: dispatching class org.gradle.launcher.daemon.protocol.CloseInput
2025-03-13T17:32:41.855+0530 [DEBUG] [org.gradle.launcher.daemon.client.DaemonClient] Received result Success[value=org.gradle.launcher.exec.BuildActionResult@18c5069b] from daemon DaemonInfo{pid=29675, address=[89c4e20c-cf67-4a9f-917e-611e37537657 port:52800, addresses:[/127.0.0.1]], state=Idle, lastBusy=1741867349809, context=DefaultDaemonContext[uid=a2e23bba-767f-4e68-9cc3-fba6bec5e092,javaHome=/Library/Java/JavaVirtualMachines/temurin-17.jdk/Contents/Home,javaVersion=17,javaVendor=Eclipse Adoptium,daemonRegistryDir=/Users/sandyy/.gradle/daemon,pid=29675,idleTimeout=10800000,priority=NORMAL,applyInstrumentationAgent=true,nativeServicesMode=ENABLED,daemonOpts=--add-opens=java.base/java.util=ALL-UNNAMED,--add-opens=java.base/java.lang=ALL-UNNAMED,--add-opens=java.base/java.lang.invoke=ALL-UNNAMED,--add-opens=java.prefs/java.util.prefs=ALL-UNNAMED,--add-exports=jdk.compiler/com.sun.tools.javac.api=ALL-UNNAMED,--add-exports=jdk.compiler/com.sun.tools.javac.util=ALL-UNNAMED,--add-opens=java.base/java.nio.charset=ALL-UNNAMED,--add-opens=java.base/java.net=ALL-UNNAMED,--add-opens=java.base/java.util.concurrent.atomic=ALL-UNNAMED,-Xmx2048m,-Dfile.encoding=UTF-8,-Duser.country=US,-Duser.language=en,-Duser.variant]} (build should be done).
2025-03-13T17:32:41.855+0530 [DEBUG] [org.gradle.launcher.daemon.client.DaemonClientConnection] thread 1: dispatching class org.gradle.launcher.daemon.protocol.Finished
2025-03-13T17:32:41.855+0530 [DEBUG] [org.gradle.launcher.daemon.client.DaemonClientConnection] thread 1: connection stop
2025-03-13T17:32:41.857+0530 [LIFECYCLE] [org.gradle.launcher.cli.DebugLoggerWarningAction] 
#############################################################################
   WARNING WARNING WARNING WARNING WARNING WARNING WARNING WARNING WARNING

   Debug level logging will leak security sensitive information!

   For more details, please refer to https://docs.gradle.org/8.10.2/userguide/logging.html#sec:debug_security in the Gradle documentation.
#############################################################################

